{
  "RSpec": {
    "coverage": {
      "/Users/chrisclement/Desktop/Projects/Makers/Week 2/Oystercard/spec/oystercard_spec.rb": {
        "lines": [
          1,
          null,
          1,
          1,
          1,
          null,
          null,
          1,
          2,
          null,
          1,
          4,
          null,
          null,
          1,
          2,
          null,
          null,
          null,
          null,
          1,
          1,
          4,
          null,
          null,
          null,
          null
        ]
      },
      "/Users/chrisclement/Desktop/Projects/Makers/Week 2/Oystercard/lib/oystercard.rb": {
        "lines": [
          1,
          1,
          1,
          1,
          1,
          5,
          null,
          null,
          1,
          2,
          null,
          null,
          1,
          null,
          null,
          1,
          1,
          null,
          null,
          1,
          null,
          1,
          2,
          null,
          null,
          null
        ]
      }
    },
    "timestamp": 1637604380
  }
}
